Device: cuda
TotalSegDataset: 1082 subjects
TotalSegDataset: 57 subjects
Parameters: 6.3M
Traceback (most recent call last):
  File "/work/dlclarge2/ndirt-SegFM3D/patch_icl/scripts/train_vit_kidney.py", line 178, in <module>
    best_val_dice = va_dice
^^
  File "/work/dlclarge2/ndirt-SegFM3D/patch_icl/scripts/train_vit_kidney.py", line 159, in main
    n_params = sum(p.numel() for p in model.parameters() if p.requires_grad)
                           ^^^^^^^^^^^^^^^^^^^^^^^^^^^^^^^^^^^^^^^^^^^^^^^^^^
  File "/work/dlclarge2/ndirt-SegFM3D/patch_icl/scripts/train_vit_kidney.py", line 96, in run_epoch
    optimizer.zero_grad()
    ^^^^^^^^^^^^^^^
  File "/work/dlclarge2/ndirt-SegFM3D/patch_icl/.venv/lib/python3.12/site-packages/torch/_tensor.py", line 631, in backward
    torch.autograd.backward(
  File "/work/dlclarge2/ndirt-SegFM3D/patch_icl/.venv/lib/python3.12/site-packages/torch/autograd/__init__.py", line 381, in backward
    _engine_run_backward(
  File "/work/dlclarge2/ndirt-SegFM3D/patch_icl/.venv/lib/python3.12/site-packages/torch/autograd/graph.py", line 869, in _engine_run_backward
    return Variable._execution_engine.run_backward(  # Calls into the C++ engine to run the backward pass
           ^^^^^^^^^^^^^^^^^^^^^^^^^^^^^^^^^^^^^^^^^^^^^^^^^^^^^^^^^^^^^^^^^^^^^^^^^^^^^^^^^^^^^^^^^^^^^^
torch.OutOfMemoryError: CUDA out of memory. Tried to allocate 2.00 GiB. GPU 0 has a total capacity of 10.57 GiB of which 598.06 MiB is free. Including non-PyTorch memory, this process has 7.65 GiB memory in use. Process 3435 has 2.33 GiB memory in use. Of the allocated memory 3.45 GiB is allocated by PyTorch, and 4.01 GiB is reserved by PyTorch but unallocated. If reserved but unallocated memory is large try setting PYTORCH_CUDA_ALLOC_CONF=expandable_segments:True to avoid fragmentation.  See documentation for Memory Management  (https://docs.pytorch.org/docs/stable/notes/cuda.html#optimizing-memory-usage-with-pytorch-cuda-alloc-conf)
